{"name": "test_apply_coupon", "status": "broken", "statusDetails": {"message": "selenium.common.exceptions.TimeoutException: Message: \nStacktrace:\n0   chromedriver                        0x000000010105a4c8 chromedriver + 4302024\n1   chromedriver                        0x0000000101052e10 chromedriver + 4271632\n2   chromedriver                        0x0000000100c8419c chromedriver + 278940\n3   chromedriver                        0x0000000100cc62c4 chromedriver + 549572\n4   chromedriver                        0x0000000100cfec5c chromedriver + 781404\n5   chromedriver                        0x0000000100cbb004 chromedriver + 503812\n6   chromedriver                        0x0000000100cbb9ec chromedriver + 506348\n7   chromedriver                        0x0000000101022510 chromedriver + 4072720\n8   chromedriver                        0x0000000101026fbc chromedriver + 4091836\n9   chromedriver                        0x0000000101009754 chromedriver + 3970900\n10  chromedriver                        0x00000001010278a4 chromedriver + 4094116\n11  chromedriver                        0x0000000100ffc6d4 chromedriver + 3917524\n12  chromedriver                        0x0000000101044b08 chromedriver + 4213512\n13  chromedriver                        0x0000000101044c84 chromedriver + 4213892\n14  chromedriver                        0x0000000101052a08 chromedriver + 4270600\n15  libsystem_pthread.dylib             0x000000019b32ef94 _pthread_start + 136\n16  libsystem_pthread.dylib             0x000000019b329d34 thread_start + 8", "trace": "driver = <selenium.webdriver.chrome.webdriver.WebDriver (session=\"bed844afa749c827dec650cd04c5d52e\")>\n\n    @allure.feature(\"Basket\")\n    @allure.story(\"Apply coupon\")\n    def test_apply_coupon(driver):\n        with allure.step(\"Open cart page\"):\n            driver.get(\"http://pizzeria.skillbox.cc/cart/\")\n    \n        with allure.step(\"Enter coupon code\"):\n>           coupon_input = WebDriverWait(driver, 10).until(\n                EC.visibility_of_element_located((By.ID, \"coupon_code\"))\n            )\n\ntest_apply_promo_code.py:28: \n_ _ _ _ _ _ _ _ _ _ _ _ _ _ _ _ _ _ _ _ _ _ _ _ _ _ _ _ _ _ _ _ _ _ _ _ _ _ _ _ _ _ _ _ _ _ _ _ _ _ _ _ _ _ _ _ _ _ _ _ _ _ _ _ _ _ _ _ _ _ _ _ _ _ _ _ _ _ _ _ _ _ _ _\n\nself = <selenium.webdriver.support.wait.WebDriverWait (session=\"bed844afa749c827dec650cd04c5d52e\")>\nmethod = <function visibility_of_element_located.<locals>._predicate at 0x102810700>, message = ''\n\n    def until(self, method: Callable[[D], Union[Literal[False], T]], message: str = \"\") -> T:\n        \"\"\"Calls the method provided with the driver as an argument until the \\\n        return value does not evaluate to ``False``.\n    \n        :param method: callable(WebDriver)\n        :param message: optional message for :exc:`TimeoutException`\n        :returns: the result of the last call to `method`\n        :raises: :exc:`selenium.common.exceptions.TimeoutException` if timeout occurs\n        \"\"\"\n        screen = None\n        stacktrace = None\n    \n        end_time = time.monotonic() + self._timeout\n        while True:\n            try:\n                value = method(self._driver)\n                if value:\n                    return value\n            except self._ignored_exceptions as exc:\n                screen = getattr(exc, \"screen\", None)\n                stacktrace = getattr(exc, \"stacktrace\", None)\n            time.sleep(self._poll)\n            if time.monotonic() > end_time:\n                break\n>       raise TimeoutException(message, screen, stacktrace)\nE       selenium.common.exceptions.TimeoutException: Message: \nE       Stacktrace:\nE       0   chromedriver                        0x000000010105a4c8 chromedriver + 4302024\nE       1   chromedriver                        0x0000000101052e10 chromedriver + 4271632\nE       2   chromedriver                        0x0000000100c8419c chromedriver + 278940\nE       3   chromedriver                        0x0000000100cc62c4 chromedriver + 549572\nE       4   chromedriver                        0x0000000100cfec5c chromedriver + 781404\nE       5   chromedriver                        0x0000000100cbb004 chromedriver + 503812\nE       6   chromedriver                        0x0000000100cbb9ec chromedriver + 506348\nE       7   chromedriver                        0x0000000101022510 chromedriver + 4072720\nE       8   chromedriver                        0x0000000101026fbc chromedriver + 4091836\nE       9   chromedriver                        0x0000000101009754 chromedriver + 3970900\nE       10  chromedriver                        0x00000001010278a4 chromedriver + 4094116\nE       11  chromedriver                        0x0000000100ffc6d4 chromedriver + 3917524\nE       12  chromedriver                        0x0000000101044b08 chromedriver + 4213512\nE       13  chromedriver                        0x0000000101044c84 chromedriver + 4213892\nE       14  chromedriver                        0x0000000101052a08 chromedriver + 4270600\nE       15  libsystem_pthread.dylib             0x000000019b32ef94 _pthread_start + 136\nE       16  libsystem_pthread.dylib             0x000000019b329d34 thread_start + 8\n\n/opt/miniconda3/lib/python3.9/site-packages/selenium/webdriver/support/wait.py:105: TimeoutException"}, "steps": [{"name": "Open cart page", "status": "passed", "start": 1717414084538, "stop": 1717414085135}, {"name": "Enter coupon code", "status": "broken", "statusDetails": {"message": "selenium.common.exceptions.TimeoutException: Message: \nStacktrace:\n0   chromedriver                        0x000000010105a4c8 chromedriver + 4302024\n1   chromedriver                        0x0000000101052e10 chromedriver + 4271632\n2   chromedriver                        0x0000000100c8419c chromedriver + 278940\n3   chromedriver                        0x0000000100cc62c4 chromedriver + 549572\n4   chromedriver                        0x0000000100cfec5c chromedriver + 781404\n5   chromedriver                        0x0000000100cbb004 chromedriver + 503812\n6   chromedriver                        0x0000000100cbb9ec chromedriver + 506348\n7   chromedriver                        0x0000000101022510 chromedriver + 4072720\n8   chromedriver                        0x0000000101026fbc chromedriver + 4091836\n9   chromedriver                        0x0000000101009754 chromedriver + 3970900\n10  chromedriver                        0x00000001010278a4 chromedriver + 4094116\n11  chromedriver                        0x0000000100ffc6d4 chromedriver + 3917524\n12  chromedriver                        0x0000000101044b08 chromedriver + 4213512\n13  chromedriver                        0x0000000101044c84 chromedriver + 4213892\n14  chromedriver                        0x0000000101052a08 chromedriver + 4270600\n15  libsystem_pthread.dylib             0x000000019b32ef94 _pthread_start + 136\n16  libsystem_pthread.dylib             0x000000019b329d34 thread_start + 8\n\n", "trace": "  File \"/Users/macbooknikakrasivaya/PycharmProjects/2.7/pythonProjectFinal/tests/test_apply_promo_code.py\", line 28, in test_apply_coupon\n    coupon_input = WebDriverWait(driver, 10).until(\n  File \"/opt/miniconda3/lib/python3.9/site-packages/selenium/webdriver/support/wait.py\", line 105, in until\n    raise TimeoutException(message, screen, stacktrace)\n"}, "start": 1717414085135, "stop": 1717414095441}], "start": 1717414084538, "stop": 1717414095442, "uuid": "d4e9eb49-a049-4d4a-b3a1-7c008f0e5b3c", "historyId": "e3fe32774c2145a56a08015801844029", "testCaseId": "e3fe32774c2145a56a08015801844029", "fullName": "tests.test_apply_promo_code#test_apply_coupon", "labels": [{"name": "feature", "value": "Basket"}, {"name": "story", "value": "Apply coupon"}, {"name": "parentSuite", "value": "tests"}, {"name": "suite", "value": "test_apply_promo_code"}, {"name": "host", "value": "MacBook-Air-MacBook.local"}, {"name": "thread", "value": "9726-MainThread"}, {"name": "framework", "value": "pytest"}, {"name": "language", "value": "cpython3"}, {"name": "package", "value": "tests.test_apply_promo_code"}]}