{"name": "test_add_pizza_to_cart", "status": "broken", "statusDetails": {"message": "selenium.common.exceptions.MoveTargetOutOfBoundsException: Message: move target out of bounds\n  (Session info: chrome=125.0.6422.113)\nStacktrace:\n0   chromedriver                        0x000000010248a4c8 chromedriver + 4302024\n1   chromedriver                        0x0000000102482e10 chromedriver + 4271632\n2   chromedriver                        0x00000001020b4000 chromedriver + 278528\n3   chromedriver                        0x00000001021360ec chromedriver + 811244\n4   chromedriver                        0x000000010212ec5c chromedriver + 781404\n5   chromedriver                        0x00000001020eb004 chromedriver + 503812\n6   chromedriver                        0x00000001020eb9ec chromedriver + 506348\n7   chromedriver                        0x0000000102452510 chromedriver + 4072720\n8   chromedriver                        0x0000000102456fbc chromedriver + 4091836\n9   chromedriver                        0x0000000102439754 chromedriver + 3970900\n10  chromedriver                        0x00000001024578a4 chromedriver + 4094116\n11  chromedriver                        0x000000010242c6d4 chromedriver + 3917524\n12  chromedriver                        0x0000000102474b08 chromedriver + 4213512\n13  chromedriver                        0x0000000102474c84 chromedriver + 4213892\n14  chromedriver                        0x0000000102482a08 chromedriver + 4270600\n15  libsystem_pthread.dylib             0x000000019b32ef94 _pthread_start + 136\n16  libsystem_pthread.dylib             0x000000019b329d34 thread_start + 8", "trace": "browser = <selenium.webdriver.chrome.webdriver.WebDriver (session=\"f3f0a5a87e9d9ccae04d68dc01baa5ec\")>\n\n    def test_add_pizza_to_cart(browser):\n        url = \"http://pizzeria.skillbox.cc/\"\n        browser.get(url)\n        time.sleep(20)\n    \n        pizza_image = browser.find_element(By.XPATH, '//img[contains(@src, \"pexels-katerina-holmes\")]')\n    \n        actions = webdriver.ActionChains(browser)\n>       actions.move_to_element(pizza_image).perform()\n\ntest_basket.py:22: \n_ _ _ _ _ _ _ _ _ _ _ _ _ _ _ _ _ _ _ _ _ _ _ _ _ _ _ _ _ _ _ _ _ _ _ _ _ _ _ _ _ _ _ _ _ _ _ _ _ _ _ _ _ _ _ _ _ _ _ _ _ _ _ _ _ _ _ _ _ _ _ _ _ _ _ _ _ _ _ _ _ _ _ _\n/opt/miniconda3/lib/python3.9/site-packages/selenium/webdriver/common/action_chains.py:94: in perform\n    self.w3c_actions.perform()\n/opt/miniconda3/lib/python3.9/site-packages/selenium/webdriver/common/actions/action_builder.py:96: in perform\n    self.driver.execute(Command.W3C_ACTIONS, enc)\n/opt/miniconda3/lib/python3.9/site-packages/selenium/webdriver/remote/webdriver.py:347: in execute\n    self.error_handler.check_response(response)\n_ _ _ _ _ _ _ _ _ _ _ _ _ _ _ _ _ _ _ _ _ _ _ _ _ _ _ _ _ _ _ _ _ _ _ _ _ _ _ _ _ _ _ _ _ _ _ _ _ _ _ _ _ _ _ _ _ _ _ _ _ _ _ _ _ _ _ _ _ _ _ _ _ _ _ _ _ _ _ _ _ _ _ _\n\nself = <selenium.webdriver.remote.errorhandler.ErrorHandler object at 0x107031520>\nresponse = {'status': 500, 'value': '{\"value\":{\"error\":\"move target out of bounds\",\"message\":\"move target out of bounds\\\\n  (Sess...00019b32ef94 _pthread_start + 136\\\\n16  libsystem_pthread.dylib             0x000000019b329d34 thread_start + 8\\\\n\"}}'}\n\n    def check_response(self, response: Dict[str, Any]) -> None:\n        \"\"\"Checks that a JSON response from the WebDriver does not have an\n        error.\n    \n        :Args:\n         - response - The JSON response from the WebDriver server as a dictionary\n           object.\n    \n        :Raises: If the response contains an error message.\n        \"\"\"\n        status = response.get(\"status\", None)\n        if not status or status == ErrorCode.SUCCESS:\n            return\n        value = None\n        message = response.get(\"message\", \"\")\n        screen: str = response.get(\"screen\", \"\")\n        stacktrace = None\n        if isinstance(status, int):\n            value_json = response.get(\"value\", None)\n            if value_json and isinstance(value_json, str):\n                import json\n    \n                try:\n                    value = json.loads(value_json)\n                    if len(value) == 1:\n                        value = value[\"value\"]\n                    status = value.get(\"error\", None)\n                    if not status:\n                        status = value.get(\"status\", ErrorCode.UNKNOWN_ERROR)\n                        message = value.get(\"value\") or value.get(\"message\")\n                        if not isinstance(message, str):\n                            value = message\n                            message = message.get(\"message\")\n                    else:\n                        message = value.get(\"message\", None)\n                except ValueError:\n                    pass\n    \n        exception_class: Type[WebDriverException]\n        e = ErrorCode()\n        error_codes = [item for item in dir(e) if not item.startswith(\"__\")]\n        for error_code in error_codes:\n            error_info = getattr(ErrorCode, error_code)\n            if isinstance(error_info, list) and status in error_info:\n                exception_class = getattr(ExceptionMapping, error_code, WebDriverException)\n                break\n        else:\n            exception_class = WebDriverException\n    \n        if not value:\n            value = response[\"value\"]\n        if isinstance(value, str):\n            raise exception_class(value)\n        if message == \"\" and \"message\" in value:\n            message = value[\"message\"]\n    \n        screen = None  # type: ignore[assignment]\n        if \"screen\" in value:\n            screen = value[\"screen\"]\n    \n        stacktrace = None\n        st_value = value.get(\"stackTrace\") or value.get(\"stacktrace\")\n        if st_value:\n            if isinstance(st_value, str):\n                stacktrace = st_value.split(\"\\n\")\n            else:\n                stacktrace = []\n                try:\n                    for frame in st_value:\n                        line = frame.get(\"lineNumber\", \"\")\n                        file = frame.get(\"fileName\", \"<anonymous>\")\n                        if line:\n                            file = f\"{file}:{line}\"\n                        meth = frame.get(\"methodName\", \"<anonymous>\")\n                        if \"className\" in frame:\n                            meth = f\"{frame['className']}.{meth}\"\n                        msg = \"    at %s (%s)\"\n                        msg = msg % (meth, file)\n                        stacktrace.append(msg)\n                except TypeError:\n                    pass\n        if exception_class == UnexpectedAlertPresentException:\n            alert_text = None\n            if \"data\" in value:\n                alert_text = value[\"data\"].get(\"text\")\n            elif \"alert\" in value:\n                alert_text = value[\"alert\"].get(\"text\")\n            raise exception_class(message, screen, stacktrace, alert_text)  # type: ignore[call-arg]  # mypy is not smart enough here\n>       raise exception_class(message, screen, stacktrace)\nE       selenium.common.exceptions.MoveTargetOutOfBoundsException: Message: move target out of bounds\nE         (Session info: chrome=125.0.6422.113)\nE       Stacktrace:\nE       0   chromedriver                        0x000000010248a4c8 chromedriver + 4302024\nE       1   chromedriver                        0x0000000102482e10 chromedriver + 4271632\nE       2   chromedriver                        0x00000001020b4000 chromedriver + 278528\nE       3   chromedriver                        0x00000001021360ec chromedriver + 811244\nE       4   chromedriver                        0x000000010212ec5c chromedriver + 781404\nE       5   chromedriver                        0x00000001020eb004 chromedriver + 503812\nE       6   chromedriver                        0x00000001020eb9ec chromedriver + 506348\nE       7   chromedriver                        0x0000000102452510 chromedriver + 4072720\nE       8   chromedriver                        0x0000000102456fbc chromedriver + 4091836\nE       9   chromedriver                        0x0000000102439754 chromedriver + 3970900\nE       10  chromedriver                        0x00000001024578a4 chromedriver + 4094116\nE       11  chromedriver                        0x000000010242c6d4 chromedriver + 3917524\nE       12  chromedriver                        0x0000000102474b08 chromedriver + 4213512\nE       13  chromedriver                        0x0000000102474c84 chromedriver + 4213892\nE       14  chromedriver                        0x0000000102482a08 chromedriver + 4270600\nE       15  libsystem_pthread.dylib             0x000000019b32ef94 _pthread_start + 136\nE       16  libsystem_pthread.dylib             0x000000019b329d34 thread_start + 8\n\n/opt/miniconda3/lib/python3.9/site-packages/selenium/webdriver/remote/errorhandler.py:229: MoveTargetOutOfBoundsException"}, "start": 1717411705195, "stop": 1717411725719, "uuid": "77df1d57-bade-430e-a6b5-ca031a2572d9", "historyId": "e38fc498a1f7bd75416eab20f760741b", "testCaseId": "e38fc498a1f7bd75416eab20f760741b", "fullName": "tests.test_basket#test_add_pizza_to_cart", "labels": [{"name": "parentSuite", "value": "tests"}, {"name": "suite", "value": "test_basket"}, {"name": "host", "value": "MacBook-Air-MacBook.local"}, {"name": "thread", "value": "8264-MainThread"}, {"name": "framework", "value": "pytest"}, {"name": "language", "value": "cpython3"}, {"name": "package", "value": "tests.test_basket"}]}