{"name": "test_click_on_pizza_image", "status": "broken", "statusDetails": {"message": "selenium.common.exceptions.TimeoutException: Message: \nStacktrace:\n0   chromedriver                        0x0000000102bc64c8 chromedriver + 4302024\n1   chromedriver                        0x0000000102bbee10 chromedriver + 4271632\n2   chromedriver                        0x00000001027f019c chromedriver + 278940\n3   chromedriver                        0x00000001028322c4 chromedriver + 549572\n4   chromedriver                        0x000000010286ac5c chromedriver + 781404\n5   chromedriver                        0x0000000102827004 chromedriver + 503812\n6   chromedriver                        0x00000001028279ec chromedriver + 506348\n7   chromedriver                        0x0000000102b8e510 chromedriver + 4072720\n8   chromedriver                        0x0000000102b92fbc chromedriver + 4091836\n9   chromedriver                        0x0000000102b75754 chromedriver + 3970900\n10  chromedriver                        0x0000000102b938a4 chromedriver + 4094116\n11  chromedriver                        0x0000000102b686d4 chromedriver + 3917524\n12  chromedriver                        0x0000000102bb0b08 chromedriver + 4213512\n13  chromedriver                        0x0000000102bb0c84 chromedriver + 4213892\n14  chromedriver                        0x0000000102bbea08 chromedriver + 4270600\n15  libsystem_pthread.dylib             0x000000019b32ef94 _pthread_start + 136\n16  libsystem_pthread.dylib             0x000000019b329d34 thread_start + 8", "trace": "self = <tests.test_main_page.TestMainPage object at 0x104c82c70>, driver = <selenium.webdriver.chrome.webdriver.WebDriver (session=\"f2b31b2350ab9eb5349cd2e9b8838511\")>\n\n    @allure.story('View pizza description')\n    @allure.step('Click on pizza image in slider')\n    def test_click_on_pizza_image(self, driver):\n        main_page = MainPage(driver)\n        main_page.open_main_page()\n    \n    \n>       main_page.click_on_pizza_image()\n\ntests/test_main_page.py:31: \n_ _ _ _ _ _ _ _ _ _ _ _ _ _ _ _ _ _ _ _ _ _ _ _ _ _ _ _ _ _ _ _ _ _ _ _ _ _ _ _ _ _ _ _ _ _ _ _ _ _ _ _ _ _ _ _ _ _ _ _ _ _ _ _ _ _ _ _ _ _ _ _ _ _ _ _ _ _ _ _ _ _ _ _\npages/main_page.py:22: in click_on_pizza_image\n    pizza_image = WebDriverWait(self.driver, 30).until(\n_ _ _ _ _ _ _ _ _ _ _ _ _ _ _ _ _ _ _ _ _ _ _ _ _ _ _ _ _ _ _ _ _ _ _ _ _ _ _ _ _ _ _ _ _ _ _ _ _ _ _ _ _ _ _ _ _ _ _ _ _ _ _ _ _ _ _ _ _ _ _ _ _ _ _ _ _ _ _ _ _ _ _ _\n\nself = <selenium.webdriver.support.wait.WebDriverWait (session=\"f2b31b2350ab9eb5349cd2e9b8838511\")>\nmethod = <function visibility_of_element_located.<locals>._predicate at 0x1046ab940>, message = ''\n\n    def until(self, method: Callable[[D], Union[Literal[False], T]], message: str = \"\") -> T:\n        \"\"\"Calls the method provided with the driver as an argument until the \\\n        return value does not evaluate to ``False``.\n    \n        :param method: callable(WebDriver)\n        :param message: optional message for :exc:`TimeoutException`\n        :returns: the result of the last call to `method`\n        :raises: :exc:`selenium.common.exceptions.TimeoutException` if timeout occurs\n        \"\"\"\n        screen = None\n        stacktrace = None\n    \n        end_time = time.monotonic() + self._timeout\n        while True:\n            try:\n                value = method(self._driver)\n                if value:\n                    return value\n            except self._ignored_exceptions as exc:\n                screen = getattr(exc, \"screen\", None)\n                stacktrace = getattr(exc, \"stacktrace\", None)\n            time.sleep(self._poll)\n            if time.monotonic() > end_time:\n                break\n>       raise TimeoutException(message, screen, stacktrace)\nE       selenium.common.exceptions.TimeoutException: Message: \nE       Stacktrace:\nE       0   chromedriver                        0x0000000102bc64c8 chromedriver + 4302024\nE       1   chromedriver                        0x0000000102bbee10 chromedriver + 4271632\nE       2   chromedriver                        0x00000001027f019c chromedriver + 278940\nE       3   chromedriver                        0x00000001028322c4 chromedriver + 549572\nE       4   chromedriver                        0x000000010286ac5c chromedriver + 781404\nE       5   chromedriver                        0x0000000102827004 chromedriver + 503812\nE       6   chromedriver                        0x00000001028279ec chromedriver + 506348\nE       7   chromedriver                        0x0000000102b8e510 chromedriver + 4072720\nE       8   chromedriver                        0x0000000102b92fbc chromedriver + 4091836\nE       9   chromedriver                        0x0000000102b75754 chromedriver + 3970900\nE       10  chromedriver                        0x0000000102b938a4 chromedriver + 4094116\nE       11  chromedriver                        0x0000000102b686d4 chromedriver + 3917524\nE       12  chromedriver                        0x0000000102bb0b08 chromedriver + 4213512\nE       13  chromedriver                        0x0000000102bb0c84 chromedriver + 4213892\nE       14  chromedriver                        0x0000000102bbea08 chromedriver + 4270600\nE       15  libsystem_pthread.dylib             0x000000019b32ef94 _pthread_start + 136\nE       16  libsystem_pthread.dylib             0x000000019b329d34 thread_start + 8\n\n/opt/miniconda3/lib/python3.9/site-packages/selenium/webdriver/support/wait.py:105: TimeoutException"}, "steps": [{"name": "Click on pizza image in slider", "status": "broken", "statusDetails": {"message": "selenium.common.exceptions.TimeoutException: Message: \nStacktrace:\n0   chromedriver                        0x0000000102bc64c8 chromedriver + 4302024\n1   chromedriver                        0x0000000102bbee10 chromedriver + 4271632\n2   chromedriver                        0x00000001027f019c chromedriver + 278940\n3   chromedriver                        0x00000001028322c4 chromedriver + 549572\n4   chromedriver                        0x000000010286ac5c chromedriver + 781404\n5   chromedriver                        0x0000000102827004 chromedriver + 503812\n6   chromedriver                        0x00000001028279ec chromedriver + 506348\n7   chromedriver                        0x0000000102b8e510 chromedriver + 4072720\n8   chromedriver                        0x0000000102b92fbc chromedriver + 4091836\n9   chromedriver                        0x0000000102b75754 chromedriver + 3970900\n10  chromedriver                        0x0000000102b938a4 chromedriver + 4094116\n11  chromedriver                        0x0000000102b686d4 chromedriver + 3917524\n12  chromedriver                        0x0000000102bb0b08 chromedriver + 4213512\n13  chromedriver                        0x0000000102bb0c84 chromedriver + 4213892\n14  chromedriver                        0x0000000102bbea08 chromedriver + 4270600\n15  libsystem_pthread.dylib             0x000000019b32ef94 _pthread_start + 136\n16  libsystem_pthread.dylib             0x000000019b329d34 thread_start + 8\n\n", "trace": "  File \"/opt/miniconda3/lib/python3.9/site-packages/allure_commons/_allure.py\", line 192, in impl\n    return func(*a, **kw)\n  File \"/Users/macbooknikakrasivaya/PycharmProjects/2.7/pythonProjectFinal/tests/test_main_page.py\", line 31, in test_click_on_pizza_image\n    main_page.click_on_pizza_image()\n  File \"/Users/macbooknikakrasivaya/PycharmProjects/2.7/pythonProjectFinal/pages/main_page.py\", line 22, in click_on_pizza_image\n    pizza_image = WebDriverWait(self.driver, 30).until(\n  File \"/opt/miniconda3/lib/python3.9/site-packages/selenium/webdriver/support/wait.py\", line 105, in until\n    raise TimeoutException(message, screen, stacktrace)\n"}, "parameters": [{"name": "driver", "value": "<selenium.webdriver.chrome.webdriver.WebDriver (session=\"f2b31b2350ab9eb5349cd2e9b8838511\")>"}], "start": 1717405340848, "stop": 1717405371619}], "start": 1717405340848, "stop": 1717405371624, "uuid": "e68d5654-9763-4f85-a3a0-1a7774890a77", "historyId": "617a5d3118076935a9f30762c93b6f13", "testCaseId": "617a5d3118076935a9f30762c93b6f13", "fullName": "tests.test_main_page.TestMainPage#test_click_on_pizza_image", "labels": [{"name": "story", "value": "View pizza description"}, {"name": "feature", "value": "Main Page"}, {"name": "parentSuite", "value": "tests"}, {"name": "suite", "value": "test_main_page"}, {"name": "subSuite", "value": "TestMainPage"}, {"name": "host", "value": "MacBook-Air-MacBook.local"}, {"name": "thread", "value": "6012-MainThread"}, {"name": "framework", "value": "pytest"}, {"name": "language", "value": "cpython3"}, {"name": "package", "value": "tests.test_main_page"}]}