{"name": "test_apply_promo_code", "status": "broken", "statusDetails": {"message": "selenium.common.exceptions.NoSuchElementException: Message: no such element: Unable to locate element: {\"method\":\"css selector\",\"selector\":\"[id=\"coupon_code\"]\"}\n  (Session info: chrome=125.0.6422.113); For documentation on this error, please visit: https://www.selenium.dev/documentation/webdriver/troubleshooting/errors#no-such-element-exception\nStacktrace:\n0   chromedriver                        0x000000010444e4c8 chromedriver + 4302024\n1   chromedriver                        0x0000000104446e10 chromedriver + 4271632\n2   chromedriver                        0x000000010407819c chromedriver + 278940\n3   chromedriver                        0x00000001040ba2c4 chromedriver + 549572\n4   chromedriver                        0x00000001040f2c5c chromedriver + 781404\n5   chromedriver                        0x00000001040af004 chromedriver + 503812\n6   chromedriver                        0x00000001040af9ec chromedriver + 506348\n7   chromedriver                        0x0000000104416510 chromedriver + 4072720\n8   chromedriver                        0x000000010441afbc chromedriver + 4091836\n9   chromedriver                        0x00000001043fd754 chromedriver + 3970900\n10  chromedriver                        0x000000010441b8a4 chromedriver + 4094116\n11  chromedriver                        0x00000001043f06d4 chromedriver + 3917524\n12  chromedriver                        0x0000000104438b08 chromedriver + 4213512\n13  chromedriver                        0x0000000104438c84 chromedriver + 4213892\n14  chromedriver                        0x0000000104446a08 chromedriver + 4270600\n15  libsystem_pthread.dylib             0x000000019b32ef94 _pthread_start + 136\n16  libsystem_pthread.dylib             0x000000019b329d34 thread_start + 8", "trace": "browser = <selenium.webdriver.chrome.webdriver.WebDriver (session=\"fdb6a0b04717c9efb9a189e7cc6d7230\")>\n\n    def test_apply_promo_code(browser):\n        try:\n            url = \"https://pizzeria.skillbox.cc/\"\n            browser.get(url)\n            allure.attach(browser.get_screenshot_as_png(), name=\"Main Page\", attachment_type=AttachmentType.PNG)\n    \n            pizza_images = browser.find_elements(By.CLASS_NAME, 'pizza-image')\n            for pizza_image in pizza_images:\n                actions = webdriver.ActionChains(browser)\n                actions.move_to_element(pizza_image).perform()\n    \n                add_to_cart_btn = pizza_image.find_element(By.CSS_SELECTOR, '.button.product_type_simple.add_to_cart_button')\n                add_to_cart_btn.click()\n                time.sleep(5)  # Добавляем задержку для того, чтобы товар успел добавиться в корзину\n    \n            url_cart = \"https://pizzeria.skillbox.cc/cart/\"\n            browser.get(url_cart)\n            allure.attach(browser.get_screenshot_as_png(), name=\"Cart Page\", attachment_type=AttachmentType.PNG)\n    \n            # Ввод промокода\n            promo_code_input = browser.find_element(By.ID, 'coupon_code')\n            promo_code_input.send_keys(\"GIVEMEHALYAVA\")\n            allure.attach(browser.get_screenshot_as_png(), name=\"Coupon Applied\", attachment_type=AttachmentType.PNG)\n    \n            # Применение промокода\n            apply_coupon_button = browser.find_element(By.CSS_SELECTOR, \"button[name='apply_coupon']\")\n            apply_coupon_button.click()\n            time.sleep(5)  # Добавляем задержку для обновления страницы и применения промокода\n    \n            # Проверка изменения суммы заказа\n            total_before_discount = browser.find_element(By.CLASS_NAME, 'cart-subtotal').text\n            total_after_discount = browser.find_element(By.CLASS_NAME, 'order-total').text\n    \n            assert total_before_discount != total_after_discount, \"Сумма заказа не изменилась после применения промокода\"\n    \n        except Exception as e:\n            allure.attach(browser.get_screenshot_as_png(), name=\"Error\", attachment_type=AttachmentType.PNG)\n>           raise e\n\ntests/test_apply_promo_code.py:52: \n_ _ _ _ _ _ _ _ _ _ _ _ _ _ _ _ _ _ _ _ _ _ _ _ _ _ _ _ _ _ _ _ _ _ _ _ _ _ _ _ _ _ _ _ _ _ _ _ _ _ _ _ _ _ _ _ _ _ _ _ _ _ _ _ _ _ _ _ _ _ _ _ _ _ _ _ _ _ _ _ _ _ _ _\ntests/test_apply_promo_code.py:35: in test_apply_promo_code\n    promo_code_input = browser.find_element(By.ID, 'coupon_code')\n/opt/miniconda3/lib/python3.9/site-packages/selenium/webdriver/remote/webdriver.py:741: in find_element\n    return self.execute(Command.FIND_ELEMENT, {\"using\": by, \"value\": value})[\"value\"]\n/opt/miniconda3/lib/python3.9/site-packages/selenium/webdriver/remote/webdriver.py:347: in execute\n    self.error_handler.check_response(response)\n_ _ _ _ _ _ _ _ _ _ _ _ _ _ _ _ _ _ _ _ _ _ _ _ _ _ _ _ _ _ _ _ _ _ _ _ _ _ _ _ _ _ _ _ _ _ _ _ _ _ _ _ _ _ _ _ _ _ _ _ _ _ _ _ _ _ _ _ _ _ _ _ _ _ _ _ _ _ _ _ _ _ _ _\n\nself = <selenium.webdriver.remote.errorhandler.ErrorHandler object at 0x1066de4f0>\nresponse = {'status': 404, 'value': '{\"value\":{\"error\":\"no such element\",\"message\":\"no such element: Unable to locate element: {\\...00019b32ef94 _pthread_start + 136\\\\n16  libsystem_pthread.dylib             0x000000019b329d34 thread_start + 8\\\\n\"}}'}\n\n    def check_response(self, response: Dict[str, Any]) -> None:\n        \"\"\"Checks that a JSON response from the WebDriver does not have an\n        error.\n    \n        :Args:\n         - response - The JSON response from the WebDriver server as a dictionary\n           object.\n    \n        :Raises: If the response contains an error message.\n        \"\"\"\n        status = response.get(\"status\", None)\n        if not status or status == ErrorCode.SUCCESS:\n            return\n        value = None\n        message = response.get(\"message\", \"\")\n        screen: str = response.get(\"screen\", \"\")\n        stacktrace = None\n        if isinstance(status, int):\n            value_json = response.get(\"value\", None)\n            if value_json and isinstance(value_json, str):\n                import json\n    \n                try:\n                    value = json.loads(value_json)\n                    if len(value) == 1:\n                        value = value[\"value\"]\n                    status = value.get(\"error\", None)\n                    if not status:\n                        status = value.get(\"status\", ErrorCode.UNKNOWN_ERROR)\n                        message = value.get(\"value\") or value.get(\"message\")\n                        if not isinstance(message, str):\n                            value = message\n                            message = message.get(\"message\")\n                    else:\n                        message = value.get(\"message\", None)\n                except ValueError:\n                    pass\n    \n        exception_class: Type[WebDriverException]\n        e = ErrorCode()\n        error_codes = [item for item in dir(e) if not item.startswith(\"__\")]\n        for error_code in error_codes:\n            error_info = getattr(ErrorCode, error_code)\n            if isinstance(error_info, list) and status in error_info:\n                exception_class = getattr(ExceptionMapping, error_code, WebDriverException)\n                break\n        else:\n            exception_class = WebDriverException\n    \n        if not value:\n            value = response[\"value\"]\n        if isinstance(value, str):\n            raise exception_class(value)\n        if message == \"\" and \"message\" in value:\n            message = value[\"message\"]\n    \n        screen = None  # type: ignore[assignment]\n        if \"screen\" in value:\n            screen = value[\"screen\"]\n    \n        stacktrace = None\n        st_value = value.get(\"stackTrace\") or value.get(\"stacktrace\")\n        if st_value:\n            if isinstance(st_value, str):\n                stacktrace = st_value.split(\"\\n\")\n            else:\n                stacktrace = []\n                try:\n                    for frame in st_value:\n                        line = frame.get(\"lineNumber\", \"\")\n                        file = frame.get(\"fileName\", \"<anonymous>\")\n                        if line:\n                            file = f\"{file}:{line}\"\n                        meth = frame.get(\"methodName\", \"<anonymous>\")\n                        if \"className\" in frame:\n                            meth = f\"{frame['className']}.{meth}\"\n                        msg = \"    at %s (%s)\"\n                        msg = msg % (meth, file)\n                        stacktrace.append(msg)\n                except TypeError:\n                    pass\n        if exception_class == UnexpectedAlertPresentException:\n            alert_text = None\n            if \"data\" in value:\n                alert_text = value[\"data\"].get(\"text\")\n            elif \"alert\" in value:\n                alert_text = value[\"alert\"].get(\"text\")\n            raise exception_class(message, screen, stacktrace, alert_text)  # type: ignore[call-arg]  # mypy is not smart enough here\n>       raise exception_class(message, screen, stacktrace)\nE       selenium.common.exceptions.NoSuchElementException: Message: no such element: Unable to locate element: {\"method\":\"css selector\",\"selector\":\"[id=\"coupon_code\"]\"}\nE         (Session info: chrome=125.0.6422.113); For documentation on this error, please visit: https://www.selenium.dev/documentation/webdriver/troubleshooting/errors#no-such-element-exception\nE       Stacktrace:\nE       0   chromedriver                        0x000000010444e4c8 chromedriver + 4302024\nE       1   chromedriver                        0x0000000104446e10 chromedriver + 4271632\nE       2   chromedriver                        0x000000010407819c chromedriver + 278940\nE       3   chromedriver                        0x00000001040ba2c4 chromedriver + 549572\nE       4   chromedriver                        0x00000001040f2c5c chromedriver + 781404\nE       5   chromedriver                        0x00000001040af004 chromedriver + 503812\nE       6   chromedriver                        0x00000001040af9ec chromedriver + 506348\nE       7   chromedriver                        0x0000000104416510 chromedriver + 4072720\nE       8   chromedriver                        0x000000010441afbc chromedriver + 4091836\nE       9   chromedriver                        0x00000001043fd754 chromedriver + 3970900\nE       10  chromedriver                        0x000000010441b8a4 chromedriver + 4094116\nE       11  chromedriver                        0x00000001043f06d4 chromedriver + 3917524\nE       12  chromedriver                        0x0000000104438b08 chromedriver + 4213512\nE       13  chromedriver                        0x0000000104438c84 chromedriver + 4213892\nE       14  chromedriver                        0x0000000104446a08 chromedriver + 4270600\nE       15  libsystem_pthread.dylib             0x000000019b32ef94 _pthread_start + 136\nE       16  libsystem_pthread.dylib             0x000000019b329d34 thread_start + 8\n\n/opt/miniconda3/lib/python3.9/site-packages/selenium/webdriver/remote/errorhandler.py:229: NoSuchElementException"}, "attachments": [{"name": "Main Page", "source": "4ab2e30d-e4d9-4b99-aa00-00fa403627b9-attachment.png", "type": "image/png"}, {"name": "Cart Page", "source": "bc39538a-d0ea-4ce7-8774-8d28e4bd410d-attachment.png", "type": "image/png"}, {"name": "Error", "source": "1b7c0db4-c5a9-4d54-a49e-a31a56c54986-attachment.png", "type": "image/png"}], "start": 1717409164052, "stop": 1717409165269, "uuid": "3dd62177-c9f4-41da-b10a-f04c7a90a416", "historyId": "a2ae085c51fa2e3dc4a2617dcc848079", "testCaseId": "a2ae085c51fa2e3dc4a2617dcc848079", "fullName": "tests.test_apply_promo_code#test_apply_promo_code", "labels": [{"name": "parentSuite", "value": "tests"}, {"name": "suite", "value": "test_apply_promo_code"}, {"name": "host", "value": "MacBook-Air-MacBook.local"}, {"name": "thread", "value": "7497-MainThread"}, {"name": "framework", "value": "pytest"}, {"name": "language", "value": "cpython3"}, {"name": "package", "value": "tests.test_apply_promo_code"}]}